

 Autodesk (R) Simulation Static Stress with Linear Material Models
 Version 2013.00.00.0411-W64/X64 28-Feb-2012
 Copyright (c) 2012, Autodesk, Inc. All rights reserved. 

 
                          DATE: JULY 30, 2013                 
                          TIME: 03:09 PM
                   INPUT MODEL: C:\Users\Kyle\Documents\Inventor\2013\ROV\3in Pipe.ds_data\1\ds

               PROGRAM VERSION: 201300000411
       alg-win-x64.dll VERSION: 201300000411
  agsdb_ar-win-x64.dll VERSION: 201300000411
 algconfig-win-x64.dll VERSION: 201300000411
          algsolve.exe VERSION:            0
          amgsolve.exe VERSION:    360000000
 
 **** Linear stress analysis
 **** Nodes    | Parts | Loads | Freqs | Mode
           1560|      1|      1|      0|    0

 **** Model Unit System Settings:
      --------------------------------------------
       Unit System              : English (in)
       Force                    : lbf
       Length                   : in
       Time                     : s
       Temperature (Absolute)   : deg F (R)
       Thermal Energy           : in*lbf
       Voltage                  : V
       Current                  : A
       Electrical Resistance    : ohm
       Mass                     : lbf*s^2/in
      --------------------------------------------

  
      Options executed are: 
  
      NOMIN
      STRAIN
      SPARSE
      SUPCNF
      SUPELM
      SUPNOD
      REAC
  
  
      processing ... 
  
 **** OPENING TEMPORARY FILES
      NDYN = 0 
 **** BEGIN NODAL DATA INPUT
      1560 NODES
      4524 DOFS                
 **** END   NODAL DATA INPUT
 
 **** Begin brick element (TYPE-8) data input
 **** Part      1 containing       986 elements
                                                 
 **** End input of element part      1

 **** Hard disk file size information for processor:

      Available hard disk space on current drive = 270763.531 megabytes


 
 **** BEGIN LOAD INPUT
      Gravity direction vector =  0.0000E+00  0.0000E+00 -1.0000E+00
      One load case.
 **** END   LOAD INPUT

 **** Symbolic Assembly Using the Row-Hits Matrix Profile ...
 **** Number of equations                 = 4524
      Estimated maximum bandwidth         = 151
      Estimated triangle matrix nonzeroes = 268152
      Symbolically assembled nonzeros     = 127722
 **** Real Sparse Matrix Assembly ...
      in the upper triangle:
      number of entries in the profile    = 268152
      number of nonzeros                  = 127722

 **** Sparse Matrix Assembled

 **** Invoking Parallel BCSLIB-EXT Sparse Solver...
 
 **** Load Cases 1
 **** End Sparse Solver Solution
 
 **** BEGIN DISPLACEMENT OUTPUT
 **** PRINT OF DISPLACEMENT OUTPUT SUPPRESSED
 **** END   DISPLACEMENT OUTPUT
 
 **** BEGINNING REACTION COMPUTATIONS
 **** LOADCASES REMAINING      1 
 **** PARTS REMAINING       1 
 **** ELEMENT/GLOBAL CONTRIBUTIONS Part = 1 
      THE 1st PART CONTAINING 986 ELEMENTS
                                                 
 **** ENDING REACTION COMPUTATIONS

      Processing completed ... 

 
      ds.t7    =      35.344 kilobytes
      ds.t8    =      73.230 kilobytes
      ds.t9    =       0.000 kilobytes
      ds.t10   =       0.000 kilobytes
      ds.t11   =       0.000 kilobytes
      ds.t12   =      35.344 kilobytes
      ds.t13   =      35.352 kilobytes
      ds.t14   =       0.000 kilobytes
      ds.t15   =       0.000 kilobytes
      ds.t17   =       0.000 kilobytes
      ds.t50   =    1486.703 kilobytes
      ds.t51   =     123.250 kilobytes
      ds.t52   =    2318.641 kilobytes
      ds.t54   =      17.695 kilobytes
      ds.t55   =     498.914 kilobytes
      ds.t56   =     997.828 kilobytes
      ds.t57   =       0.000 kilobytes
      ds.t58   =       0.000 kilobytes
      ds.t59   =       0.000 kilobytes
 
      total temporary disk storage (megabytes) = 5.4905 
 
      ds.l     =       7.441 kilobytes
      ds.do    =      73.172 kilobytes
 
 **** BEGIN DELETING TEMPORARY FILES
 **** TEMPORARY FILES DELETED
 **** END OF SUCCESSFUL EXECUTION
 
 

 **** Total actual hard disk space used    =      5.569 megabytes

      Sub-total elapsed time               =      0.018 minutes



 Autodesk (R) Simulation Stress Calculation Utility
 Version 2013.00.00.0411-W64/X64 28-Feb-2012
 Copyright (c) 2012, Autodesk, Inc. All rights reserved. 


      DATE: JULY 30, 2013                 
      TIME: 03:09 PM
      INPUT......C:\Users\Kyle\Documents\Inventor\2013\ROV\3in Pipe.ds_data\1\ds 

 **** Model Unit System Settings:
      --------------------------------------------
       Unit System              : English (in)
       Force                    : lbf
       Length                   : in
       Time                     : s
       Temperature (Absolute)   : deg F (R)
       Thermal Energy           : in*lbf
       Voltage                  : V
       Current                  : A
       Electrical Resistance    : ohm
       Mass                     : lbf*s^2/in
      --------------------------------------------


 **** START PROCESSING ELEMENTS 

 **** BEGIN PART   1 TYPE( 8) ELEMENTS
      986 ELEMENTS
                                                 

 **** FINISHED PROCESSING ELEMENTS 

 **** Hard disk file size information for postprocessor:
      ds.nso   =     277.383 kilobytes
      ds.sto   =     277.383 kilobytes

      Total MKNSO disk space used        =     0.54176 megabytes
 **** MKNSO elapsed time                 =       0.003 minutes

 **** The TOTAL elapsed time             =       0.021 minutes

 
