

 Autodesk (R) Simulation Static Stress with Linear Material Models
 Version 2016.00.00.3017-W64/X64 09-Mar-2015
 Copyright (c) 2015, Autodesk, Inc. All rights reserved. 

 
                          DATE: JULY 2, 2015                  
                          TIME: 00:18 AM
                   INPUT MODEL: C:\Users\Kyle\Documents\Project documentation\Combat Robot\CAD\V1.0\Armor_Front.ds_data\1\ds

                    PROGRAM VERSION: 201600003017
            alg-win-x64.dll VERSION: 201600003017
       agsdb_ar-win-x64.dll VERSION: 201600003017
      algconfig-win-x64.dll VERSION: 201600003017
 solvercallback-win-x64.dll VERSION: 201600003017
               amgsolve.exe VERSION:    360000000
 
 **** Linear stress analysis
 **** Nodes    | Parts | Loads | Freqs | Mode
           2880|      5|      1|      0|    0

 **** Model Unit System Settings:
      --------------------------------------------
       Unit System              : English (in)
       Force                    : lbf
       Length                   : in
       Time                     : s
       Temperature (Absolute)   : deg F (R)
       Thermal Energy           : in*lbf
       Voltage                  : V
       Current                  : A
       Electrical Resistance    : ohm
       Mass                     : lbf*s^2/in
      --------------------------------------------

  
      Options executed are: 
  
      NOMIN
      STRAIN
      SPARSE
      SUPCNF
      SUPELM
      SUPNOD
      REAC
  
  
      processing ... 
  
 **** OPENING TEMPORARY FILES
      NDYN = 0 
 **** BEGIN NODAL DATA INPUT
      2880 NODES
      8064 DOFS                
 **** END   NODAL DATA INPUT
 
 **** Begin brick element (TYPE-8) data input
 **** Part      1 containing       435 elements
                                                 
 **** End input of element part      1

 **** Begin brick element (TYPE-8) data input
 **** Part      2 containing       435 elements
                                                 
 **** End input of element part      2

 **** Begin brick element (TYPE-8) data input
 **** Part      3 containing       435 elements
                                                 
 **** End input of element part      3

 **** Begin brick element (TYPE-8) data input
 **** Part      4 containing       435 elements
                                                 
 **** End input of element part      4

 **** Begin brick element (TYPE-8) data input
 **** Part      5 containing       435 elements
                                                 
 **** End input of element part      5

 **** Hard disk file size information for processor:

      Available hard disk space on current drive = 626747.938 megabytes


 
 **** BEGIN LOAD INPUT
      Gravity direction vector =  0.0000E+00  0.0000E+00 -1.0000E+00
      One load case.
 **** END   LOAD INPUT

 **** Symbolic Assembly Using the Row-Hits Matrix Profile ...
 **** Number of equations                 = 8064
      Estimated maximum bandwidth         = 149
      Estimated triangle matrix nonzeroes = 576864
      Symbolically assembled nonzeros     = 275616
 **** Real Sparse Matrix Assembly ...
      in the upper triangle:
      number of entries in the profile    = 576864
      number of nonzeros                  = 275616

 **** Sparse Matrix Assembled

 **** Invoking Parallel BCSLIB-EXT Sparse Solver...
 
 **** Load Cases 1
 **** End Sparse Solver Solution
 
 **** BEGIN DISPLACEMENT OUTPUT
 **** PRINT OF DISPLACEMENT OUTPUT SUPPRESSED
 **** END   DISPLACEMENT OUTPUT
 
 **** BEGINNING REACTION COMPUTATIONS
 **** LOADCASES REMAINING      1 
 **** PARTS REMAINING       5 
 **** ELEMENT/GLOBAL CONTRIBUTIONS Part = 1 
      THE 1st PART CONTAINING 435 ELEMENTS
                                                 
 **** PARTS REMAINING       4 
 **** ELEMENT/GLOBAL CONTRIBUTIONS Part = 2 
      THE 2nd PART CONTAINING 435 ELEMENTS
                                                 
 **** PARTS REMAINING       3 
 **** ELEMENT/GLOBAL CONTRIBUTIONS Part = 3 
      THE 3rd PART CONTAINING 435 ELEMENTS
                                                 
 **** PARTS REMAINING       2 
 **** ELEMENT/GLOBAL CONTRIBUTIONS Part = 4 
      THE 4th PART CONTAINING 435 ELEMENTS
                                                 
 **** PARTS REMAINING       1 
 **** ELEMENT/GLOBAL CONTRIBUTIONS Part = 5 
      THE 5th PART CONTAINING 435 ELEMENTS
                                                 
 **** ENDING REACTION COMPUTATIONS

      Processing completed ... 

 
      ds.t7    =      63.000 kilobytes
      ds.t8    =     135.105 kilobytes
      ds.t9    =       0.000 kilobytes
      ds.t10   =       0.000 kilobytes
      ds.t11   =       0.000 kilobytes
      ds.t12   =      63.000 kilobytes
      ds.t13   =      63.008 kilobytes
      ds.t14   =       0.000 kilobytes
      ds.t15   =       0.000 kilobytes
      ds.t17   =       0.000 kilobytes
      ds.t50   =    3279.492 kilobytes
      ds.t51   =     271.875 kilobytes
      ds.t52   =    5114.648 kilobytes
      ds.t54   =      31.523 kilobytes
      ds.t55   =    1076.625 kilobytes
      ds.t56   =    2153.250 kilobytes
      ds.t56   =    2153.250 kilobytes
      ds.t58   =       0.000 kilobytes
      ds.t59   =       0.000 kilobytes
 
      total temporary disk storage (megabytes) = 14.067 
 
      ds.l     =       7.937 kilobytes
      ds.do    =     135.047 kilobytes
 
 **** BEGIN DELETING TEMPORARY FILES
 **** TEMPORARY FILES DELETED
 **** END OF SUCCESSFUL EXECUTION
 
 

 **** Total actual hard disk space used    =     14.207 megabytes

      Sub-total elapsed time               =      0.017 minutes



 Autodesk (R) Simulation Stress Calculation Utility
 Version 2016.00.00.3017-W64/X64 09-Mar-2015
 Copyright (c) 2015, Autodesk, Inc. All rights reserved. 


      DATE: JULY 2, 2015                  
      TIME: 00:18 AM
      INPUT......C:\Users\Kyle\Documents\Project documentation\Combat Robot\CAD\V1.0\Armor_Front.ds_data\1\ds 

 **** Model Unit System Settings:
      --------------------------------------------
       Unit System              : English (in)
       Force                    : lbf
       Length                   : in
       Time                     : s
       Temperature (Absolute)   : deg F (R)
       Thermal Energy           : in*lbf
       Voltage                  : V
       Current                  : A
       Electrical Resistance    : ohm
       Mass                     : lbf*s^2/in
      --------------------------------------------


 **** START PROCESSING ELEMENTS 

 **** BEGIN PART   1 TYPE( 8) ELEMENTS
      435 ELEMENTS
                                                 
 **** BEGIN PART   2 TYPE( 8) ELEMENTS
      435 ELEMENTS
                                                 
 **** BEGIN PART   3 TYPE( 8) ELEMENTS
      435 ELEMENTS
                                                 
 **** BEGIN PART   4 TYPE( 8) ELEMENTS
      435 ELEMENTS
                                                 
 **** BEGIN PART   5 TYPE( 8) ELEMENTS
      435 ELEMENTS
                                                 

 **** FINISHED PROCESSING ELEMENTS 

 **** Hard disk file size information for postprocessor:
      ds.nso   =     611.898 kilobytes
      ds.sto   =     611.898 kilobytes

      Total MKNSO disk space used        =     1.19511 megabytes
 **** MKNSO elapsed time                 =       0.004 minutes

 **** The TOTAL elapsed time             =       0.021 minutes

 
