

 Autodesk (R) Simulation Static Stress with Linear Material Models
 Version 2016.00.00.3017-W64/X64 09-Mar-2015
 Copyright (c) 2015, Autodesk, Inc. All rights reserved. 

 
                          DATE: JULY 2, 2015                  
                          TIME: 00:25 AM
                   INPUT MODEL: C:\Users\Kyle\Documents\Project documentation\Combat Robot\CAD\V1.0\Plate_Top_Alu19.ds_data\1\ds

                    PROGRAM VERSION: 201600003017
            alg-win-x64.dll VERSION: 201600003017
       agsdb_ar-win-x64.dll VERSION: 201600003017
      algconfig-win-x64.dll VERSION: 201600003017
 solvercallback-win-x64.dll VERSION: 201600003017
               amgsolve.exe VERSION:    360000000
 
 **** Linear stress analysis
 **** Nodes    | Parts | Loads | Freqs | Mode
            608|      1|      1|      0|    0

 **** Model Unit System Settings:
      --------------------------------------------
       Unit System              : English (in)
       Force                    : lbf
       Length                   : in
       Time                     : s
       Temperature (Absolute)   : deg F (R)
       Thermal Energy           : in*lbf
       Voltage                  : V
       Current                  : A
       Electrical Resistance    : ohm
       Mass                     : lbf*s^2/in
      --------------------------------------------

  
      Options executed are: 
  
      NOMIN
      STRAIN
      SPARSE
      SUPCNF
      SUPELM
      SUPNOD
      REAC
  
  
      processing ... 
  
 **** OPENING TEMPORARY FILES
      NDYN = 0 
 **** BEGIN NODAL DATA INPUT
      608 NODES
      1428 DOFS                
 **** END   NODAL DATA INPUT
 
 **** Begin brick element (TYPE-8) data input
 **** Part      1 containing       270 elements
                                                 
 **** End input of element part      1

 **** Hard disk file size information for processor:

      Available hard disk space on current drive = 626747.625 megabytes


 
 **** BEGIN LOAD INPUT
      Gravity direction vector =  0.0000E+00  0.0000E+00 -1.0000E+00
      One load case.
 **** END   LOAD INPUT

 **** Symbolic Assembly Using the Row-Hits Matrix Profile ...
 **** Number of equations                 = 1428
      Estimated maximum bandwidth         = 75
      Estimated triangle matrix nonzeroes = 62724
      Symbolically assembled nonzeros     = 35994
 **** Real Sparse Matrix Assembly ...
      in the upper triangle:
      number of entries in the profile    = 62724
      number of nonzeros                  = 35994

 **** Sparse Matrix Assembled

 **** Invoking Parallel BCSLIB-EXT Sparse Solver...
 
 **** Load Cases 1
 **** End Sparse Solver Solution
 
 **** BEGIN DISPLACEMENT OUTPUT
 **** PRINT OF DISPLACEMENT OUTPUT SUPPRESSED
 **** END   DISPLACEMENT OUTPUT
 
 **** BEGINNING REACTION COMPUTATIONS
 **** LOADCASES REMAINING      1 
 **** PARTS REMAINING       1 
 **** ELEMENT/GLOBAL CONTRIBUTIONS Part = 1 
      THE 1st PART CONTAINING 270 ELEMENTS
                                                 
 **** ENDING REACTION COMPUTATIONS

      Processing completed ... 

 
      ds.t7    =      11.156 kilobytes
      ds.t8    =      28.605 kilobytes
      ds.t9    =       0.000 kilobytes
      ds.t10   =       0.000 kilobytes
      ds.t11   =       0.000 kilobytes
      ds.t12   =      11.156 kilobytes
      ds.t13   =      11.164 kilobytes
      ds.t14   =       0.000 kilobytes
      ds.t15   =       0.000 kilobytes
      ds.t17   =       0.000 kilobytes
      ds.t50   =     407.109 kilobytes
      ds.t51   =      33.750 kilobytes
      ds.t52   =     634.922 kilobytes
      ds.t54   =       5.602 kilobytes
      ds.t55   =     140.602 kilobytes
      ds.t56   =     281.203 kilobytes
      ds.t56   =     281.203 kilobytes
      ds.t58   =       0.000 kilobytes
      ds.t59   =       0.000 kilobytes
 
      total temporary disk storage (megabytes) = 1.8032 
 
      ds.l     =       8.089 kilobytes
      ds.do    =      28.547 kilobytes
 
 **** BEGIN DELETING TEMPORARY FILES
 **** TEMPORARY FILES DELETED
 **** END OF SUCCESSFUL EXECUTION
 
 

 **** Total actual hard disk space used    =      1.839 megabytes

      Sub-total elapsed time               =      0.008 minutes



 Autodesk (R) Simulation Stress Calculation Utility
 Version 2016.00.00.3017-W64/X64 09-Mar-2015
 Copyright (c) 2015, Autodesk, Inc. All rights reserved. 


      DATE: JULY 2, 2015                  
      TIME: 00:25 AM
      INPUT......C:\Users\Kyle\Documents\Project documentation\Combat Robot\CAD\V1.0\Plate_Top_Alu19.ds_data\1\ds 

 **** Model Unit System Settings:
      --------------------------------------------
       Unit System              : English (in)
       Force                    : lbf
       Length                   : in
       Time                     : s
       Temperature (Absolute)   : deg F (R)
       Thermal Energy           : in*lbf
       Voltage                  : V
       Current                  : A
       Electrical Resistance    : ohm
       Mass                     : lbf*s^2/in
      --------------------------------------------


 **** START PROCESSING ELEMENTS 

 **** BEGIN PART   1 TYPE( 8) ELEMENTS
      270 ELEMENTS
                                                 

 **** FINISHED PROCESSING ELEMENTS 

 **** Hard disk file size information for postprocessor:
      ds.nso   =      76.008 kilobytes
      ds.sto   =      76.008 kilobytes

      Total MKNSO disk space used        =     0.14845 megabytes
 **** MKNSO elapsed time                 =       0.001 minutes

 **** The TOTAL elapsed time             =       0.009 minutes

 
